---------------------------------------------------------------------------------
2A Leader Election
➜  raft git:(main) ✗ go test -run 2A
Test (2A): initial election ...
  ... Passed --   3.0  3   18    6762    0
Test (2A): election after network failure ...
  ... Passed --   6.0  3   46   12564    0
Test (2A): multiple elections ...
  ... Passed --   6.9  7  216   59880    0
PASS
ok      6.824/raft      15.923s
---------------------------------------------------------------------------------


---------------------------------------------------------------------------------
2B Log Replication
➜  raft git:(master) ✗ time go test -run 2B
Test (2B): basic agreement ...
  ... Passed --   1.4  3   14    5392    3
Test (2B): RPC byte count ...
  ... Passed --   3.9  3   46  118524   11
Test (2B): agreement after follower reconnects ...
  ... Passed --   5.0  3   49   18132    7
Test (2B): no agreement if too many followers disconnect ...
  ... Passed --   4.3  5   91   28836    4
Test (2B): concurrent Start()s ...
  ... Passed --   1.3  3   21    8917    6
Test (2B): rejoin of partitioned leader ...
  ... Passed --   4.7  3   77   25222    4
Test (2B): leader backs up quickly over incorrect follower logs ...
  ... Passed --  41.0  5 11256 8224234  102
Test (2B): RPC counts aren't too high ...
  ... Passed --   2.5  3   38   18995   12
PASS
ok      6.824/raft      64.150s
go test -run 2B  3.24s user 0.81s system 6% cpu 1:04.43 total
➜  raft git:(master) ✗ time go test -run 2B
Test (2B): basic agreement ...
  ... Passed --   1.5  3   14    5374    3
Test (2B): RPC byte count ...
  ... Passed --   3.9  3   46  118524   11
Test (2B): agreement after follower reconnects ...
  ... Passed --   4.7  3   51   18934    7
Test (2B): no agreement if too many followers disconnect ...
  ... Passed --   3.9  5   82   26666    4
Test (2B): concurrent Start()s ...
  ... Passed --   0.8  3   16    6815    6
Test (2B): rejoin of partitioned leader ...
  ... Passed --   5.1  3   86   28764    4
Test (2B): leader backs up quickly over incorrect follower logs ...
  ... Passed --  41.1  5 10621 7645938  102
Test (2B): RPC counts aren't too high ...
  ... Passed --   2.0  3   34   17345   12
PASS
ok      6.824/raft      63.013s
go test -run 2B  2.91s user 0.76s system 5% cpu 1:03.21 total
➜  raft git:(master) ✗ time go test -run 2B
Test (2B): basic agreement ...
  ... Passed --   1.5  3   14    5392    3
Test (2B): RPC byte count ...
  ... Passed --   3.8  3   46  118524   11
Test (2B): agreement after follower reconnects ...
  ... Passed --   4.8  3   48   17615    7
Test (2B): no agreement if too many followers disconnect ...
  ... Passed --   4.2  5   89   29164    4
Test (2B): concurrent Start()s ...
  ... Passed --   1.1  3   18    7603    6
Test (2B): rejoin of partitioned leader ...
  ... Passed --   4.9  3   88   28908    4
Test (2B): leader backs up quickly over incorrect follower logs ...
  ... Passed --  46.1  5 11782 8452917  102
Test (2B): RPC counts aren't too high ...
  ... Passed --   2.5  3   38   19305   12
PASS
ok      6.824/raft      69.024s
go test -run 2B  3.07s user 0.91s system 5% cpu 1:09.21 total
---------------------------------------------------------------------------------

---------------------------------------------------------------------------------
2C Persistence
➜  raft git:(main) ✗ time go test -run 2C
Test (2C): basic persistence ...
  ... Passed --   4.4  3   72   24999    6
Test (2C): more persistence ...
  ... Passed --  45.5  5 3310 1040750   16
Test (2C): partitioned leader and one follower crash, leader restarts ...
  ... Passed --   2.1  3   34   11479    4
Test (2C): Figure 8 ...
  ... Passed --  33.6  5 1793  596004   51
Test (2C): unreliable agreement ...
  ... Passed --   2.0  5 1281  611431  246
Test (2C): Figure 8 (unreliable) ...
  ... Passed --  39.0  5 31430 131336381  149
Test (2C): churn ...
  ... Passed --  17.8  5 14459 161700851 1596
Test (2C): unreliable churn ...
  ... Passed --  19.9  5  327  104062    8
PASS
ok  	6.824/raft	165.278s
go test -run 2C  121.05s user 2.08s system 74% cpu 2:45.57 total
➜  raft git:(main) ✗ time go test -run 2C
Test (2C): basic persistence ...
  ... Passed --   4.2  3   67   23609    6
Test (2C): more persistence ...
  ... Passed --  43.3  5 3147  987513   16
Test (2C): partitioned leader and one follower crash, leader restarts ...
  ... Passed --   1.8  3   33   11238    4
Test (2C): Figure 8 ...
  ... Passed --  36.5  5 1869  626324   53
Test (2C): unreliable agreement ...
  ... Passed --   1.6  5 1266  613214  246
Test (2C): Figure 8 (unreliable) ...
  ... Passed --  33.5  5 36378 158206959  288
Test (2C): churn ...
  ... Passed --  16.8  5 9372 25082345 1843
Test (2C): unreliable churn ...
  ... Passed --  26.3  5  999  399655   53
PASS
ok  	6.824/raft	163.878s
go test -run 2C  147.75s user 2.28s system 91% cpu 2:44.05 total

➜  raft git:(main) ✗ time go test -run 2C
Test (2C): basic persistence ...
  ... Passed --   4.7  3   69   24159    6
Test (2C): more persistence ...
  ... Passed --  45.4  5 3101  967193   16
Test (2C): partitioned leader and one follower crash, leader restarts ...
  ... Passed --   2.0  3   33   11232    4
Test (2C): Figure 8 ...
  ... Passed --  32.9  5 1519  509239   41
Test (2C): unreliable agreement ...
  ... Passed --   1.8  5 1246  602459  246
Test (2C): Figure 8 (unreliable) ...
  ... Passed --  41.6  5 44096 184829368  354
Test (2C): churn ...
  ... Passed --  18.0  5 10192 103053935 1311
Test (2C): unreliable churn ...
  ... Passed --  36.3  5  383  124965   15
PASS
ok  	6.824/raft	182.613s
go test -run 2C  180.40s user 2.13s system 99% cpu 3:02.78 total
---------------------------------------------------------------------------------